#
# There is insufficient memory for the Java Runtime Environment to continue.
# Native memory allocation (malloc) failed to allocate 1624656 bytes for Chunk::new
# Possible reasons:
#   The system is out of physical RAM or swap space
#   The process is running with CompressedOops enabled, and the Java Heap may be blocking the growth of the native heap
# Possible solutions:
#   Reduce memory load on the system
#   Increase physical memory or swap space
#   Check if swap backing store is full
#   Decrease Java heap size (-Xmx/-Xms)
#   Decrease number of Java threads
#   Decrease Java thread stack sizes (-Xss)
#   Set larger code cache with -XX:ReservedCodeCacheSize=
#   JVM is running with Unscaled Compressed Oops mode in which the Java heap is
#     placed in the first 4GB address space. The Java Heap base address is the
#     maximum limit for the native heap growth. Please use -XX:HeapBaseMinAddress
#     to set the Java Heap base and to place the Java Heap above 4GB virtual address.
# This output file may be truncated or incomplete.
#
#  Out of Memory Error (arena.cpp:184), pid=7888, tid=5732
#
# JRE version: Java(TM) SE Runtime Environment (18.0.1.1+2) (build 18.0.1.1+2-6)
# Java VM: Java HotSpot(TM) 64-Bit Server VM (18.0.1.1+2-6, mixed mode, sharing, tiered, compressed oops, compressed class ptrs, g1 gc, windows-amd64)
# No core dump will be written. Minidumps are not enabled by default on client versions of Windows
#

---------------  S U M M A R Y ------------

Command Line: -ea -Dfile.encoding=UTF-8 -XX:+ShowCodeDetailsInExceptionMessages org.testng.remote.RemoteTestNG -serport 52126 -protocol json -d C:\Users\pjagd\eclipse-workspace\SWAGLAB\test-output C:\Users\pjagd\AppData\Local\Temp\testng-eclipse-432914771\testng-customsuite.xml

Host: Intel(R) Core(TM) i5-7200U CPU @ 2.50GHz, 4 cores, 7G,  Windows 10 , 64 bit Build 19041 (10.0.19041.1889)
Time: Tue Oct 11 15:07:17 2022 India Standard Time elapsed time: 14.290844 seconds (0d 0h 0m 14s)

---------------  T H R E A D  ---------------

Current thread (0x0000021d061889c0):  JavaThread "C2 CompilerThread0" daemon [_thread_in_native, id=5732, stack(0x0000009c73500000,0x0000009c73600000)]


Current CompileTask:
C2:  14290 2495   !   4       jdk.internal.loader.BuiltinClassLoader::loadClassOrNull (143 bytes)

Stack: [0x0000009c73500000,0x0000009c73600000]
Native frames: (J=compiled Java code, j=interpreted, Vv=VM code, C=native code)
V  [jvm.dll+0x69887a]
V  [jvm.dll+0x7f38bd]
V  [jvm.dll+0x7f51ce]
V  [jvm.dll+0x7f5883]
V  [jvm.dll+0x25ca3f]
V  [jvm.dll+0xb8c2f]
V  [jvm.dll+0xb8fa5]
V  [jvm.dll+0x385a31]
V  [jvm.dll+0x34f811]
V  [jvm.dll+0x34ecaa]
V  [jvm.dll+0x22fc21]
V  [jvm.dll+0x22eff1]
V  [jvm.dll+0x1b9cfc]
V  [jvm.dll+0x23e8ca]
V  [jvm.dll+0x23cbb5]
V  [jvm.dll+0x7a5fb1]
V  [jvm.dll+0x7a03ea]
V  [jvm.dll+0x697725]
C  [ucrtbase.dll+0x21bb2]
C  [KERNEL32.DLL+0x17034]
C  [ntdll.dll+0x526a1]


---------------  P R O C E S S  ---------------

Threads class SMR info:
_java_thread_list=0x0000021d0b7d7140, length=41, elements={
0x0000021d6694ee30, 0x0000021d0616bb20, 0x0000021d0616cb50, 0x0000021d06186010,
0x0000021d061869b0, 0x0000021d06187350, 0x0000021d06187cf0, 0x0000021d061889c0,
0x0000021d06200640, 0x0000021d06203c50, 0x0000021d0a4981e0, 0x0000021d0a4a3b30,
0x0000021d0aab3680, 0x0000021d0ad4c960, 0x0000021d0aa8b4d0, 0x0000021d0b3d60b0,
0x0000021d0b5add80, 0x0000021d0b6a5040, 0x0000021d0b705670, 0x0000021d0b8a0010,
0x0000021d0b89ecd0, 0x0000021d0b89d990, 0x0000021d0b89e800, 0x0000021d0b89f1a0,
0x0000021d0b8a09b0, 0x0000021d0b89fb40, 0x0000021d0b89de60, 0x0000021d0b8a0e80,
0x0000021d0b89d4c0, 0x0000021d0b89f670, 0x0000021d0baebef0, 0x0000021d0baeabb0,
0x0000021d0baea6e0, 0x0000021d0baec3c0, 0x0000021d0baeef10, 0x0000021d0baedbd0,
0x0000021d0baeb080, 0x0000021d0baea210, 0x0000021d0baecd60, 0x0000021d0bae93a0,
0x0000021d0baef3e0
}

Java Threads: ( => current thread )
  0x0000021d6694ee30 JavaThread "Forwarding sendKeysToElement on session 56cae203-b69f-4e3a-8dc7-14ba6803d1ba to remote" [_thread_blocked, id=4480, stack(0x0000009c72700000,0x0000009c72800000)]
  0x0000021d0616bb20 JavaThread "Reference Handler" daemon [_thread_blocked, id=11244, stack(0x0000009c72e00000,0x0000009c72f00000)]
  0x0000021d0616cb50 JavaThread "Finalizer" daemon [_thread_blocked, id=9128, stack(0x0000009c72f00000,0x0000009c73000000)]
  0x0000021d06186010 JavaThread "Signal Dispatcher" daemon [_thread_blocked, id=8812, stack(0x0000009c73100000,0x0000009c73200000)]
  0x0000021d061869b0 JavaThread "Attach Listener" daemon [_thread_blocked, id=12032, stack(0x0000009c73200000,0x0000009c73300000)]
  0x0000021d06187350 JavaThread "Service Thread" daemon [_thread_blocked, id=7112, stack(0x0000009c73300000,0x0000009c73400000)]
  0x0000021d06187cf0 JavaThread "Monitor Deflation Thread" daemon [_thread_blocked, id=1352, stack(0x0000009c73400000,0x0000009c73500000)]
=>0x0000021d061889c0 JavaThread "C2 CompilerThread0" daemon [_thread_in_native, id=5732, stack(0x0000009c73500000,0x0000009c73600000)]
  0x0000021d06200640 JavaThread "C1 CompilerThread0" daemon [_thread_blocked, id=12992, stack(0x0000009c73600000,0x0000009c73700000)]
  0x0000021d06203c50 JavaThread "Sweeper thread" daemon [_thread_blocked, id=6644, stack(0x0000009c73700000,0x0000009c73800000)]
  0x0000021d0a4981e0 JavaThread "Notification Thread" daemon [_thread_blocked, id=9668, stack(0x0000009c73800000,0x0000009c73900000)]
  0x0000021d0a4a3b30 JavaThread "Common-Cleaner" daemon [_thread_blocked, id=8732, stack(0x0000009c73a00000,0x0000009c73b00000)]
  0x0000021d0aab3680 JavaThread "ReaderThread" [_thread_in_native, id=988, stack(0x0000009c73d00000,0x0000009c73e00000)]
  0x0000021d0ad4c960 JavaThread "ForkJoinPool.commonPool-worker-1" daemon [_thread_blocked, id=6748, stack(0x0000009c74200000,0x0000009c74300000)]
  0x0000021d0aa8b4d0 JavaThread "ForkJoinPool.commonPool-worker-2" daemon [_thread_blocked, id=2792, stack(0x0000009c74300000,0x0000009c74400000)]
  0x0000021d0b3d60b0 JavaThread "ForkJoinPool.commonPool-worker-3" daemon [_thread_blocked, id=11004, stack(0x0000009c74400000,0x0000009c74500000)]
  0x0000021d0b5add80 JavaThread "AsyncHttpClient-1-1" daemon [_thread_blocked, id=3892, stack(0x0000009c74500000,0x0000009c74600000)]
  0x0000021d0b6a5040 JavaThread "Exec Default Executor" daemon [_thread_in_native, id=11256, stack(0x0000009c74600000,0x0000009c74700000)]
  0x0000021d0b705670 JavaThread "Driver Service Executor" daemon [_thread_blocked, id=7556, stack(0x0000009c74700000,0x0000009c74800000)]
  0x0000021d0b8a0010 JavaThread "Driver Service Executor" daemon [_thread_blocked, id=12108, stack(0x0000009c74800000,0x0000009c74900000)]
  0x0000021d0b89ecd0 JavaThread "UrlChecker-2" daemon [_thread_blocked, id=7284, stack(0x0000009c74900000,0x0000009c74a00000)]
  0x0000021d0b89d990 JavaThread "Exec Stream Pumper" daemon [_thread_in_native, id=8408, stack(0x0000009c73b00000,0x0000009c73c00000)]
  0x0000021d0b89e800 JavaThread "Exec Stream Pumper" daemon [_thread_in_native, id=6040, stack(0x0000009c74a00000,0x0000009c74b00000)]
  0x0000021d0b89f1a0 JavaThread "AsyncHttpClient-1-2" daemon [_thread_in_native, id=8832, stack(0x0000009c74d00000,0x0000009c74e00000)]
  0x0000021d0b8a09b0 JavaThread "AsyncHttpClient-1-3" daemon [_thread_in_native, id=3844, stack(0x0000009c74e00000,0x0000009c74f00000)]
  0x0000021d0b89fb40 JavaThread "AsyncHttpClient-1-4" daemon [_thread_in_native, id=2976, stack(0x0000009c74f00000,0x0000009c75000000)]
  0x0000021d0b89de60 JavaThread "Exec Default Executor" daemon [_thread_in_native, id=1868, stack(0x0000009c74c00000,0x0000009c74d00000)]
  0x0000021d0b8a0e80 JavaThread "Driver Service Executor" daemon [_thread_blocked, id=11532, stack(0x0000009c75000000,0x0000009c75100000)]
  0x0000021d0b89d4c0 JavaThread "Driver Service Executor" daemon [_thread_blocked, id=12088, stack(0x0000009c75100000,0x0000009c75200000)]
  0x0000021d0b89f670 JavaThread "Exec Stream Pumper" daemon [_thread_in_native, id=12584, stack(0x0000009c75200000,0x0000009c75300000)]
  0x0000021d0baebef0 JavaThread "Exec Stream Pumper" daemon [_thread_in_native, id=10972, stack(0x0000009c75300000,0x0000009c75400000)]
  0x0000021d0baeabb0 JavaThread "AsyncHttpClient-1-5" daemon [_thread_in_native, id=11776, stack(0x0000009c75400000,0x0000009c75500000)]
  0x0000021d0baea6e0 JavaThread "AsyncHttpClient-1-6" daemon [_thread_in_native, id=9884, stack(0x0000009c74b00000,0x0000009c74c00000)]
  0x0000021d0baec3c0 JavaThread "AsyncHttpClient-1-7" daemon [_thread_in_native, id=12212, stack(0x0000009c75500000,0x0000009c75600000)]
  0x0000021d0baeef10 JavaThread "Exec Default Executor" daemon [_thread_in_native, id=12252, stack(0x0000009c75600000,0x0000009c75700000)]
  0x0000021d0baedbd0 JavaThread "Driver Service Executor" daemon [_thread_blocked, id=8524, stack(0x0000009c75700000,0x0000009c75800000)]
  0x0000021d0baeb080 JavaThread "Driver Service Executor" daemon [_thread_blocked, id=9908, stack(0x0000009c75800000,0x0000009c75900000)]
  0x0000021d0baea210 JavaThread "Exec Stream Pumper" daemon [_thread_in_native, id=6200, stack(0x0000009c75900000,0x0000009c75a00000)]
  0x0000021d0baecd60 JavaThread "Exec Stream Pumper" daemon [_thread_in_native, id=11860, stack(0x0000009c75a00000,0x0000009c75b00000)]
  0x0000021d0bae93a0 JavaThread "AsyncHttpClient-1-8" daemon [_thread_in_native, id=3136, stack(0x0000009c75b00000,0x0000009c75c00000)]
  0x0000021d0baef3e0 JavaThread "AsyncHttpClient-1-9" daemon [_thread_in_native, id=11848, stack(0x0000009c75c00000,0x0000009c75d00000)]

Other Threads:
  0x0000021d669c7740 VMThread "VM Thread" [stack: 0x0000009c72d00000,0x0000009c72e00000] [id=11644]
  0x0000021d0a49eed0 WatcherThread "VM Periodic Task Thread" [stack: 0x0000009c73900000,0x0000009c73a00000] [id=12960]
  0x0000021d669ae8a0 WorkerThread "GC Thread#0" [stack: 0x0000009c72800000,0x0000009c72900000] [id=4780]
  0x0000021d0ab492a0 WorkerThread "GC Thread#1" [stack: 0x0000009c73e00000,0x0000009c73f00000] [id=2852]
  0x0000021d0ac3c0c0 WorkerThread "GC Thread#2" [stack: 0x0000009c73f00000,0x0000009c74000000] [id=11716]
  0x0000021d0ac3d750 WorkerThread "GC Thread#3" [stack: 0x0000009c74000000,0x0000009c74100000] [id=11404]
  0x0000021d669bfd00 ConcurrentGCThread "G1 Main Marker" [stack: 0x0000009c72900000,0x0000009c72a00000] [id=8664]
  0x0000021d669c0fe0 WorkerThread "G1 Conc#0" [stack: 0x0000009c72a00000,0x0000009c72b00000] [id=5044]
  0x0000021d66a01a70 ConcurrentGCThread "G1 Refine#0" [stack: 0x0000009c72b00000,0x0000009c72c00000] [id=7764]
  0x0000021d0ab61b50 ConcurrentGCThread "G1 Refine#1" [stack: 0x0000009c74100000,0x0000009c74200000] [id=11352]
  0x0000021d66a02380 ConcurrentGCThread "G1 Service" [stack: 0x0000009c72c00000,0x0000009c72d00000] [id=8800]

Threads with active compile tasks:
C2 CompilerThread0    14334 2495   !   4       jdk.internal.loader.BuiltinClassLoader::loadClassOrNull (143 bytes)

VM state: not at safepoint (normal execution)

VM Mutex/Monitor currently owned by a thread: None

Heap address: 0x0000000081e00000, size: 2018 MB, Compressed Oops mode: 32-bit

CDS archive(s) mapped at: [0x0000000800000000-0x0000000800ba0000-0x0000000800ba0000), size 12189696, SharedBaseAddress: 0x0000000800000000, ArchiveRelocationMode: 0.
Compressed class space mapped at: 0x0000000800c00000-0x0000000840c00000, reserved size: 1073741824
Narrow klass base: 0x0000000800000000, Narrow klass shift: 0, Narrow klass range: 0x100000000

GC Precious Log:
 CardTable entry size: 512
 Card Set container configuration: InlinePtr #cards 5 size 8 Array Of Cards #cards 12 size 40 Howl #buckets 4 coarsen threshold 1843 Howl Bitmap #cards 512 size 80 coarsen threshold 460 Card regions per heap region 1 cards per card region 2048
 CPUs: 4 total, 4 available
 Memory: 8066M
 Large Page Support: Disabled
 NUMA Support: Disabled
 Compressed Oops: Enabled (32-bit)
 Heap Region Size: 1M
 Heap Min Capacity: 8M
 Heap Initial Capacity: 128M
 Heap Max Capacity: 2018M
 Pre-touch: Disabled
 Parallel Workers: 4
 Concurrent Workers: 1
 Concurrent Refinement Workers: 4
 Periodic GC: Disabled

Heap:
 garbage-first heap   total 61440K, used 53511K [0x0000000081e00000, 0x0000000100000000)
  region size 1024K, 32 young (32768K), 5 survivors (5120K)
 Metaspace       used 26477K, committed 26752K, reserved 1114112K
  class space    used 3217K, committed 3328K, reserved 1048576K

Heap Regions: E=young(eden), S=young(survivor), O=old, HS=humongous(starts), HC=humongous(continues), CS=collection set, F=free, OA=open archive, CA=closed archive, TAMS=top-at-mark-start (previous, next)
|   0|0x0000000081e00000, 0x0000000081f00000, 0x0000000081f00000|100%| O|  |TAMS 0x0000000081f00000, 0x0000000081e00000| Untracked 
|   1|0x0000000081f00000, 0x0000000082000000, 0x0000000082000000|100%| O|  |TAMS 0x0000000082000000, 0x0000000081f00000| Untracked 
|   2|0x0000000082000000, 0x0000000082100000, 0x0000000082100000|100%| O|  |TAMS 0x0000000082100000, 0x0000000082000000| Untracked 
|   3|0x0000000082100000, 0x0000000082200000, 0x0000000082200000|100%| O|  |TAMS 0x0000000082200000, 0x0000000082100000| Untracked 
|   4|0x0000000082200000, 0x0000000082300000, 0x0000000082300000|100%| O|  |TAMS 0x0000000082300000, 0x0000000082200000| Untracked 
|   5|0x0000000082300000, 0x0000000082400000, 0x0000000082400000|100%| O|  |TAMS 0x0000000082400000, 0x0000000082300000| Untracked 
|   6|0x0000000082400000, 0x00000000824c7a00, 0x0000000082500000| 77%| O|  |TAMS 0x00000000824c7a00, 0x0000000082400000| Untracked 
|   7|0x0000000082500000, 0x0000000082600000, 0x0000000082600000|100%|HS|  |TAMS 0x0000000082600000, 0x0000000082500000| Complete 
|   8|0x0000000082600000, 0x0000000082700000, 0x0000000082700000|100%|HC|  |TAMS 0x0000000082700000, 0x0000000082600000| Complete 
|   9|0x0000000082700000, 0x0000000082800000, 0x0000000082800000|100%|HC|  |TAMS 0x0000000082800000, 0x0000000082700000| Complete 
|  10|0x0000000082800000, 0x0000000082900000, 0x0000000082900000|100%|HC|  |TAMS 0x0000000082900000, 0x0000000082800000| Complete 
|  11|0x0000000082900000, 0x0000000082a00000, 0x0000000082a00000|100%|HC|  |TAMS 0x0000000082a00000, 0x0000000082900000| Complete 
|  12|0x0000000082a00000, 0x0000000082b00000, 0x0000000082b00000|100%|HS|  |TAMS 0x0000000082a00000, 0x0000000082a00000| Complete 
|  13|0x0000000082b00000, 0x0000000082c00000, 0x0000000082c00000|100%|HC|  |TAMS 0x0000000082b00000, 0x0000000082b00000| Complete 
|  14|0x0000000082c00000, 0x0000000082d00000, 0x0000000082d00000|100%|HC|  |TAMS 0x0000000082c00000, 0x0000000082c00000| Complete 
|  15|0x0000000082d00000, 0x0000000082e00000, 0x0000000082e00000|100%|HC|  |TAMS 0x0000000082d00000, 0x0000000082d00000| Complete 
|  16|0x0000000082e00000, 0x0000000082f00000, 0x0000000082f00000|100%|HC|  |TAMS 0x0000000082e00000, 0x0000000082e00000| Complete 
|  17|0x0000000082f00000, 0x0000000083000000, 0x0000000083000000|100%|HS|  |TAMS 0x0000000082f00000, 0x0000000082f00000| Complete 
|  18|0x0000000083000000, 0x0000000083100000, 0x0000000083100000|100%|HC|  |TAMS 0x0000000083000000, 0x0000000083000000| Complete 
|  19|0x0000000083100000, 0x0000000083200000, 0x0000000083200000|100%|HC|  |TAMS 0x0000000083100000, 0x0000000083100000| Complete 
|  20|0x0000000083200000, 0x0000000083300000, 0x0000000083300000|100%|HC|  |TAMS 0x0000000083200000, 0x0000000083200000| Complete 
|  21|0x0000000083300000, 0x0000000083400000, 0x0000000083400000|100%|HC|  |TAMS 0x0000000083300000, 0x0000000083300000| Complete 
|  22|0x0000000083400000, 0x0000000083400000, 0x0000000083500000|  0%| F|  |TAMS 0x0000000083400000, 0x0000000083400000| Untracked 
|  23|0x0000000083500000, 0x0000000083500000, 0x0000000083600000|  0%| F|  |TAMS 0x0000000083500000, 0x0000000083500000| Untracked 
|  24|0x0000000083600000, 0x0000000083600000, 0x0000000083700000|  0%| F|  |TAMS 0x0000000083600000, 0x0000000083600000| Untracked 
|  25|0x0000000083700000, 0x0000000083700000, 0x0000000083800000|  0%| F|  |TAMS 0x0000000083700000, 0x0000000083700000| Untracked 
|  26|0x0000000083800000, 0x0000000083800000, 0x0000000083900000|  0%| F|  |TAMS 0x0000000083800000, 0x0000000083800000| Untracked 
|  27|0x0000000083900000, 0x0000000083900000, 0x0000000083a00000|  0%| F|  |TAMS 0x0000000083900000, 0x0000000083900000| Untracked 
|  28|0x0000000083a00000, 0x0000000083a80c10, 0x0000000083b00000| 50%| E|  |TAMS 0x0000000083a00000, 0x0000000083a00000| Complete 
|  29|0x0000000083b00000, 0x0000000083c00000, 0x0000000083c00000|100%| E|CS|TAMS 0x0000000083b00000, 0x0000000083b00000| Complete 
|  30|0x0000000083c00000, 0x0000000083d00000, 0x0000000083d00000|100%| E|CS|TAMS 0x0000000083c00000, 0x0000000083c00000| Complete 
|  31|0x0000000083d00000, 0x0000000083e00000, 0x0000000083e00000|100%| E|CS|TAMS 0x0000000083d00000, 0x0000000083d00000| Complete 
|  32|0x0000000083e00000, 0x0000000083f00000, 0x0000000083f00000|100%| E|CS|TAMS 0x0000000083e00000, 0x0000000083e00000| Complete 
|  33|0x0000000083f00000, 0x0000000084000000, 0x0000000084000000|100%| E|CS|TAMS 0x0000000083f00000, 0x0000000083f00000| Complete 
|  34|0x0000000084000000, 0x0000000084100000, 0x0000000084100000|100%| E|CS|TAMS 0x0000000084000000, 0x0000000084000000| Complete 
|  35|0x0000000084100000, 0x0000000084200000, 0x0000000084200000|100%| E|CS|TAMS 0x0000000084100000, 0x0000000084100000| Complete 
|  36|0x0000000084200000, 0x0000000084300000, 0x0000000084300000|100%| E|CS|TAMS 0x0000000084200000, 0x0000000084200000| Complete 
|  37|0x0000000084300000, 0x0000000084400000, 0x0000000084400000|100%| E|CS|TAMS 0x0000000084300000, 0x0000000084300000| Complete 
|  38|0x0000000084400000, 0x0000000084500000, 0x0000000084500000|100%| E|CS|TAMS 0x0000000084400000, 0x0000000084400000| Complete 
|  39|0x0000000084500000, 0x0000000084600000, 0x0000000084600000|100%| E|CS|TAMS 0x0000000084500000, 0x0000000084500000| Complete 
|  40|0x0000000084600000, 0x0000000084700000, 0x0000000084700000|100%| E|CS|TAMS 0x0000000084600000, 0x0000000084600000| Complete 
|  41|0x0000000084700000, 0x0000000084800000, 0x0000000084800000|100%| E|CS|TAMS 0x0000000084700000, 0x0000000084700000| Complete 
|  42|0x0000000084800000, 0x0000000084900000, 0x0000000084900000|100%| E|CS|TAMS 0x0000000084800000, 0x0000000084800000| Complete 
|  43|0x0000000084900000, 0x0000000084a00000, 0x0000000084a00000|100%| E|CS|TAMS 0x0000000084900000, 0x0000000084900000| Complete 
|  44|0x0000000084a00000, 0x0000000084b00000, 0x0000000084b00000|100%| E|CS|TAMS 0x0000000084a00000, 0x0000000084a00000| Complete 
|  45|0x0000000084b00000, 0x0000000084c00000, 0x0000000084c00000|100%| E|CS|TAMS 0x0000000084b00000, 0x0000000084b00000| Complete 
|  46|0x0000000084c00000, 0x0000000084d00000, 0x0000000084d00000|100%| E|CS|TAMS 0x0000000084c00000, 0x0000000084c00000| Complete 
|  47|0x0000000084d00000, 0x0000000084e00000, 0x0000000084e00000|100%| E|CS|TAMS 0x0000000084d00000, 0x0000000084d00000| Complete 
|  48|0x0000000084e00000, 0x0000000084f00000, 0x0000000084f00000|100%| E|CS|TAMS 0x0000000084e00000, 0x0000000084e00000| Complete 
|  49|0x0000000084f00000, 0x0000000085000000, 0x0000000085000000|100%| E|CS|TAMS 0x0000000084f00000, 0x0000000084f00000| Complete 
|  50|0x0000000085000000, 0x0000000085100000, 0x0000000085100000|100%| E|CS|TAMS 0x0000000085000000, 0x0000000085000000| Complete 
|  51|0x0000000085100000, 0x0000000085200000, 0x0000000085200000|100%| E|CS|TAMS 0x0000000085100000, 0x0000000085100000| Complete 
|  52|0x0000000085200000, 0x0000000085300000, 0x0000000085300000|100%| E|CS|TAMS 0x0000000085200000, 0x0000000085200000| Complete 
|  53|0x0000000085300000, 0x0000000085400000, 0x0000000085400000|100%| E|CS|TAMS 0x0000000085300000, 0x0000000085300000| Complete 
| 105|0x0000000088700000, 0x000000008877a220, 0x0000000088800000| 47%| S|CS|TAMS 0x0000000088700000, 0x0000000088700000| Complete 
| 106|0x0000000088800000, 0x0000000088900000, 0x0000000088900000|100%| S|CS|TAMS 0x0000000088800000, 0x0000000088800000| Complete 
| 107|0x0000000088900000, 0x0000000088a00000, 0x0000000088a00000|100%| S|CS|TAMS 0x0000000088900000, 0x0000000088900000| Complete 
| 108|0x0000000088a00000, 0x0000000088b00000, 0x0000000088b00000|100%| S|CS|TAMS 0x0000000088a00000, 0x0000000088a00000| Complete 
| 109|0x0000000088b00000, 0x0000000088c00000, 0x0000000088c00000|100%| S|CS|TAMS 0x0000000088b00000, 0x0000000088b00000| Complete 
| 127|0x0000000089d00000, 0x0000000089e00000, 0x0000000089e00000|100%| E|CS|TAMS 0x0000000089d00000, 0x0000000089d00000| Complete 

Card table byte_map: [0x0000021d7f4b0000,0x0000021d7f8b0000] _byte_map_base: 0x0000021d7f0a1000

Marking Bits (Prev, Next): (CMBitMap*) 0x0000021d669aeee0, (CMBitMap*) 0x0000021d669aeea0
 Prev Bits: [0x0000021d01f90000, 0x0000021d03f18000)
 Next Bits: [0x0000021d00000000, 0x0000021d01f88000)

Polling page: 0x0000021d667c0000

Metaspace:

Usage:
  Non-class:     22.72 MB used.
      Class:      3.14 MB used.
       Both:     25.86 MB used.

Virtual space:
  Non-class space:       64.00 MB reserved,      22.88 MB ( 36%) committed,  1 nodes.
      Class space:        1.00 GB reserved,       3.25 MB ( <1%) committed,  1 nodes.
             Both:        1.06 GB reserved,      26.12 MB (  2%) committed. 

Chunk freelists:
   Non-Class:  1.08 MB
       Class:  576.00 KB
        Both:  1.64 MB

MaxMetaspaceSize: unlimited
CompressedClassSpaceSize: 1.00 GB
Initial GC threshold: 21.00 MB
Current GC threshold: 35.31 MB
CDS: on
MetaspaceReclaimPolicy: balanced
 - commit_granule_bytes: 65536.
 - commit_granule_words: 8192.
 - virtual_space_node_default_size: 8388608.
 - enlarge_chunks_in_place: 1.
 - new_chunks_are_fully_committed: 0.
 - uncommit_free_chunks: 1.
 - use_allocation_guard: 0.


Internal statistics:

num_allocs_failed_limit: 3.
num_arena_births: 262.
num_arena_deaths: 0.
num_vsnodes_births: 2.
num_vsnodes_deaths: 0.
num_space_committed: 418.
num_space_uncommitted: 0.
num_chunks_returned_to_freelist: 3.
num_chunks_taken_from_freelist: 975.
num_chunk_merges: 0.
num_chunk_splits: 693.
num_chunks_enlarged: 575.
num_inconsistent_stats: 0.

CodeHeap 'non-profiled nmethods': size=120000Kb used=899Kb max_used=899Kb free=119101Kb
 bounds [0x0000021d77560000, 0x0000021d777d0000, 0x0000021d7ea90000]
CodeHeap 'profiled nmethods': size=120000Kb used=4979Kb max_used=4979Kb free=115020Kb
 bounds [0x0000021d70030000, 0x0000021d70510000, 0x0000021d77560000]
CodeHeap 'non-nmethods': size=5760Kb used=1300Kb max_used=1329Kb free=4459Kb
 bounds [0x0000021d6fa90000, 0x0000021d6fd00000, 0x0000021d70030000]
 total_blobs=3171 nmethods=2565 adapters=518
 compilation: enabled
              stopped_count=0, restarted_count=0
 full_count=0

Compilation events (20 events):
Event: 14.233 Thread 0x0000021d06200640 2559       3       java.util.Formatter$FixedString::<init> (26 bytes)
Event: 14.233 Thread 0x0000021d06200640 nmethod 2559 0x0000021d70509990 code [0x0000021d70509b40, 0x0000021d70509d78]
Event: 14.233 Thread 0x0000021d06200640 2560       3       java.util.Formatter$FixedString::print (26 bytes)
Event: 14.234 Thread 0x0000021d06200640 nmethod 2560 0x0000021d70509e90 code [0x0000021d7050a040, 0x0000021d7050a228]
Event: 14.234 Thread 0x0000021d06200640 2561       3       java.lang.StringBuilder::append (8 bytes)
Event: 14.234 Thread 0x0000021d06200640 nmethod 2561 0x0000021d7050a310 code [0x0000021d7050a4c0, 0x0000021d7050a668]
Event: 14.237 Thread 0x0000021d06200640 2562       3       java.util.stream.FindOps$FindSink::<init> (5 bytes)
Event: 14.238 Thread 0x0000021d06200640 nmethod 2562 0x0000021d7050a790 code [0x0000021d7050a920, 0x0000021d7050aa78]
Event: 14.238 Thread 0x0000021d06200640 2563       3       java.util.stream.FindOps$FindOp::evaluateSequential (39 bytes)
Event: 14.238 Thread 0x0000021d06200640 nmethod 2563 0x0000021d7050ab10 code [0x0000021d7050ad00, 0x0000021d7050b328]
Event: 14.238 Thread 0x0000021d06200640 2564       3       java.util.ArrayDeque::getFirst (26 bytes)
Event: 14.238 Thread 0x0000021d06200640 nmethod 2564 0x0000021d7050b490 code [0x0000021d7050b640, 0x0000021d7050b8e8]
Event: 14.238 Thread 0x0000021d06200640 2565       3       java.lang.StringBuilder::append (6 bytes)
Event: 14.238 Thread 0x0000021d06200640 nmethod 2565 0x0000021d7050ba90 code [0x0000021d7050bc40, 0x0000021d7050bde8]
Event: 14.238 Thread 0x0000021d06200640 2566       2       java.io.InputStream::<init> (5 bytes)
Event: 14.238 Thread 0x0000021d06200640 nmethod 2566 0x0000021d7050be90 code [0x0000021d7050c020, 0x0000021d7050c138]
Event: 14.239 Thread 0x0000021d06200640 2567       3       java.util.concurrent.atomic.AtomicReferenceFieldUpdater$AtomicReferenceFieldUpdaterImpl::valueCheck (19 bytes)
Event: 14.239 Thread 0x0000021d06200640 nmethod 2567 0x0000021d7050c210 code [0x0000021d7050c3c0, 0x0000021d7050c688]
Event: 14.239 Thread 0x0000021d06200640 2568       3       sun.nio.ch.SocketChannelImpl::isConnected (14 bytes)
Event: 14.240 Thread 0x0000021d06200640 nmethod 2568 0x0000021d7050c790 code [0x0000021d7050c920, 0x0000021d7050ca98]

GC Heap History (8 events):
Event: 0.740 GC heap before
{Heap before GC invocations=0 (full 0):
 garbage-first heap   total 131072K, used 12288K [0x0000000081e00000, 0x0000000100000000)
  region size 1024K, 13 young (13312K), 0 survivors (0K)
 Metaspace       used 5145K, committed 5248K, reserved 1114112K
  class space    used 538K, committed 576K, reserved 1048576K
}
Event: 0.746 GC heap after
{Heap after GC invocations=1 (full 0):
 garbage-first heap   total 131072K, used 5805K [0x0000000081e00000, 0x0000000100000000)
  region size 1024K, 2 young (2048K), 2 survivors (2048K)
 Metaspace       used 5145K, committed 5248K, reserved 1114112K
  class space    used 538K, committed 576K, reserved 1048576K
}
Event: 1.086 GC heap before
{Heap before GC invocations=1 (full 0):
 garbage-first heap   total 131072K, used 16045K [0x0000000081e00000, 0x0000000100000000)
  region size 1024K, 12 young (12288K), 2 survivors (2048K)
 Metaspace       used 8116K, committed 8384K, reserved 1114112K
  class space    used 933K, committed 1088K, reserved 1048576K
}
Event: 1.091 GC heap after
{Heap after GC invocations=2 (full 0):
 garbage-first heap   total 131072K, used 6875K [0x0000000081e00000, 0x0000000100000000)
  region size 1024K, 1 young (1024K), 1 survivors (1024K)
 Metaspace       used 8116K, committed 8384K, reserved 1114112K
  class space    used 933K, committed 1088K, reserved 1048576K
}
Event: 1.720 GC heap before
{Heap before GC invocations=2 (full 0):
 garbage-first heap   total 131072K, used 29403K [0x0000000081e00000, 0x0000000100000000)
  region size 1024K, 23 young (23552K), 1 survivors (1024K)
 Metaspace       used 16244K, committed 16448K, reserved 1114112K
  class space    used 1879K, committed 1984K, reserved 1048576K
}
Event: 1.725 GC heap after
{Heap after GC invocations=3 (full 0):
 garbage-first heap   total 131072K, used 10014K [0x0000000081e00000, 0x0000000100000000)
  region size 1024K, 3 young (3072K), 3 survivors (3072K)
 Metaspace       used 16244K, committed 16448K, reserved 1114112K
  class space    used 1879K, committed 1984K, reserved 1048576K
}
Event: 4.074 GC heap before
{Heap before GC invocations=3 (full 0):
 garbage-first heap   total 131072K, used 32542K [0x0000000081e00000, 0x0000000100000000)
  region size 1024K, 21 young (21504K), 3 survivors (3072K)
 Metaspace       used 21317K, committed 21504K, reserved 1114112K
  class space    used 2603K, committed 2688K, reserved 1048576K
}
Event: 4.079 GC heap after
{Heap after GC invocations=4 (full 0):
 garbage-first heap   total 131072K, used 16647K [0x0000000081e00000, 0x0000000100000000)
  region size 1024K, 5 young (5120K), 5 survivors (5120K)
 Metaspace       used 21317K, committed 21504K, reserved 1114112K
  class space    used 2603K, committed 2688K, reserved 1048576K
}

Deoptimization events (20 events):
Event: 14.151 Thread 0x0000021d6694ee30 Uncommon trap: trap_request=0xffffff45 fr.pc=0x0000021d7763cdbc relative=0x000000000000021c
Event: 14.151 Thread 0x0000021d6694ee30 Uncommon trap: reason=unstable_if action=reinterpret pc=0x0000021d7763cdbc method=java.lang.StringUTF16.compress([CII)[B @ 13 c2
Event: 14.151 Thread 0x0000021d6694ee30 DEOPT PACKING pc=0x0000021d7763cdbc sp=0x0000009c727fdd40
Event: 14.151 Thread 0x0000021d6694ee30 DEOPT UNPACKING pc=0x0000021d6fae23a3 sp=0x0000009c727fdcc8 mode 2
Event: 14.151 Thread 0x0000021d6694ee30 Uncommon trap: trap_request=0xffffff45 fr.pc=0x0000021d775a3ca4 relative=0x0000000000000224
Event: 14.151 Thread 0x0000021d6694ee30 Uncommon trap: reason=unstable_if action=reinterpret pc=0x0000021d775a3ca4 method=java.lang.StringUTF16.compress([CI[BII)I @ 20 c2
Event: 14.151 Thread 0x0000021d6694ee30 DEOPT PACKING pc=0x0000021d775a3ca4 sp=0x0000009c727fdc80
Event: 14.151 Thread 0x0000021d6694ee30 DEOPT UNPACKING pc=0x0000021d6fae23a3 sp=0x0000009c727fdc28 mode 2
Event: 14.152 Thread 0x0000021d6694ee30 Uncommon trap: trap_request=0xffffff45 fr.pc=0x0000021d775e03a8 relative=0x0000000000000268
Event: 14.152 Thread 0x0000021d6694ee30 Uncommon trap: reason=unstable_if action=reinterpret pc=0x0000021d775e03a8 method=java.util.HashMap.getNode(Ljava/lang/Object;)Ljava/util/HashMap$Node; @ 85 c2
Event: 14.152 Thread 0x0000021d6694ee30 DEOPT PACKING pc=0x0000021d775e03a8 sp=0x0000009c727fd6e0
Event: 14.152 Thread 0x0000021d6694ee30 DEOPT UNPACKING pc=0x0000021d6fae23a3 sp=0x0000009c727fd5f0 mode 2
Event: 14.152 Thread 0x0000021d6694ee30 Uncommon trap: trap_request=0xffffff45 fr.pc=0x0000021d77635920 relative=0x0000000000000880
Event: 14.152 Thread 0x0000021d6694ee30 Uncommon trap: reason=unstable_if action=reinterpret pc=0x0000021d77635920 method=java.util.HashMap.putVal(ILjava/lang/Object;Ljava/lang/Object;ZZ)Ljava/lang/Object; @ 109 c2
Event: 14.152 Thread 0x0000021d6694ee30 DEOPT PACKING pc=0x0000021d77635920 sp=0x0000009c727fd680
Event: 14.152 Thread 0x0000021d6694ee30 DEOPT UNPACKING pc=0x0000021d6fae23a3 sp=0x0000009c727fd5c0 mode 2
Event: 14.152 Thread 0x0000021d6694ee30 Uncommon trap: trap_request=0xffffff45 fr.pc=0x0000021d775d36b8 relative=0x0000000000000278
Event: 14.152 Thread 0x0000021d6694ee30 Uncommon trap: reason=unstable_if action=reinterpret pc=0x0000021d775d36b8 method=java.util.HashMap.getNode(Ljava/lang/Object;)Ljava/util/HashMap$Node; @ 85 c2
Event: 14.152 Thread 0x0000021d6694ee30 DEOPT PACKING pc=0x0000021d775d36b8 sp=0x0000009c727fd670
Event: 14.152 Thread 0x0000021d6694ee30 DEOPT UNPACKING pc=0x0000021d6fae23a3 sp=0x0000009c727fd5f0 mode 2

Classes loaded (20 events):
Event: 13.860 Loading class java/beans/PropertyChangeSupport$PropertyChangeListenerMap
Event: 13.860 Loading class java/beans/ChangeListenerMap
Event: 13.860 Loading class java/beans/ChangeListenerMap done
Event: 13.860 Loading class java/beans/PropertyChangeSupport$PropertyChangeListenerMap done
Event: 13.860 Loading class java/beans/PropertyChangeListener
Event: 13.860 Loading class java/beans/PropertyChangeListener done
Event: 13.904 Loading class java/time/DayOfWeek
Event: 13.904 Loading class java/time/DayOfWeek done
Event: 13.904 Loading class java/time/temporal/WeekFields
Event: 13.904 Loading class java/time/temporal/WeekFields done
Event: 13.904 Loading class java/time/temporal/WeekFields$ComputedDayOfField
Event: 13.904 Loading class java/time/temporal/WeekFields$ComputedDayOfField done
Event: 13.916 Loading class java/security/AccessControlException
Event: 13.916 Loading class java/security/AccessControlException done
Event: 14.143 Loading class java/lang/Short$ShortCache
Event: 14.143 Loading class java/lang/Short$ShortCache done
Event: 14.145 Loading class sun/nio/cs/UTF_16LE$Decoder
Event: 14.146 Loading class sun/nio/cs/UTF_16LE$Decoder done
Event: 14.236 Loading class java/net/URLEncoder
Event: 14.236 Loading class java/net/URLEncoder done

Classes unloaded (0 events):
No events

Classes redefined (0 events):
No events

Internal exceptions (20 events):
Event: 8.640 Thread 0x0000021d0baedbd0 Exception <a 'java/net/SocketException'{0x0000000084a04248}: Socket is not connected: shutdown> (0x0000000084a04248) 
thrown [s\open\src\hotspot\share\prims\jni.cpp, line 535]
Event: 8.640 Thread 0x0000021d0baedbd0 Exception <a 'java/net/ConnectException'{0x0000000084a04aa8}: Connection refused: no further information> (0x0000000084a04aa8) 
thrown [s\open\src\hotspot\share\prims\jni.cpp, line 535]
Event: 8.641 Thread 0x0000021d0baedbd0 Exception <a 'java/net/SocketException'{0x0000000084a04de0}: Socket is not connected: shutdown> (0x0000000084a04de0) 
thrown [s\open\src\hotspot\share\prims\jni.cpp, line 535]
Event: 8.641 Thread 0x0000021d0baedbd0 Exception <a 'java/net/ConnectException'{0x0000000084a05640}: Connection refused: no further information> (0x0000000084a05640) 
thrown [s\open\src\hotspot\share\prims\jni.cpp, line 535]
Event: 8.641 Thread 0x0000021d0baedbd0 Exception <a 'java/net/SocketException'{0x0000000084a05978}: Socket is not connected: shutdown> (0x0000000084a05978) 
thrown [s\open\src\hotspot\share\prims\jni.cpp, line 535]
Event: 8.642 Thread 0x0000021d0baedbd0 Exception <a 'java/net/ConnectException'{0x0000000084a061d8}: Connection refused: no further information> (0x0000000084a061d8) 
thrown [s\open\src\hotspot\share\prims\jni.cpp, line 535]
Event: 8.642 Thread 0x0000021d0baedbd0 Exception <a 'java/net/SocketException'{0x0000000084a06510}: Socket is not connected: shutdown> (0x0000000084a06510) 
thrown [s\open\src\hotspot\share\prims\jni.cpp, line 535]
Event: 8.642 Thread 0x0000021d0baedbd0 Exception <a 'java/net/ConnectException'{0x0000000084a06d70}: Connection refused: no further information> (0x0000000084a06d70) 
thrown [s\open\src\hotspot\share\prims\jni.cpp, line 535]
Event: 8.643 Thread 0x0000021d0baedbd0 Exception <a 'java/net/SocketException'{0x0000000084a070a8}: Socket is not connected: shutdown> (0x0000000084a070a8) 
thrown [s\open\src\hotspot\share\prims\jni.cpp, line 535]
Event: 8.645 Thread 0x0000021d0baedbd0 Exception <a 'java/net/ConnectException'{0x0000000084a07908}: Connection refused: no further information> (0x0000000084a07908) 
thrown [s\open\src\hotspot\share\prims\jni.cpp, line 535]
Event: 8.645 Thread 0x0000021d0baedbd0 Exception <a 'java/net/SocketException'{0x0000000084a07c40}: Socket is not connected: shutdown> (0x0000000084a07c40) 
thrown [s\open\src\hotspot\share\prims\jni.cpp, line 535]
Event: 8.646 Thread 0x0000021d0baedbd0 Exception <a 'java/net/ConnectException'{0x0000000084a084a0}: Connection refused: no further information> (0x0000000084a084a0) 
thrown [s\open\src\hotspot\share\prims\jni.cpp, line 535]
Event: 8.649 Thread 0x0000021d0baedbd0 Exception <a 'java/net/SocketException'{0x0000000084a087d8}: Socket is not connected: shutdown> (0x0000000084a087d8) 
thrown [s\open\src\hotspot\share\prims\jni.cpp, line 535]
Event: 8.661 Thread 0x0000021d0baedbd0 Exception <a 'java/net/ConnectException'{0x0000000084a09038}: Connection refused: no further information> (0x0000000084a09038) 
thrown [s\open\src\hotspot\share\prims\jni.cpp, line 535]
Event: 8.661 Thread 0x0000021d0baedbd0 Exception <a 'java/net/SocketException'{0x0000000084a09370}: Socket is not connected: shutdown> (0x0000000084a09370) 
thrown [s\open\src\hotspot\share\prims\jni.cpp, line 535]
Event: 13.659 Thread 0x0000021d6694ee30 Exception <a 'java/lang/NoSuchMethodError'{0x0000000084838638}: 'void java.lang.invoke.DelegatingMethodHandle$Holder.reinvoke_L(java.lang.Object, java.lang.Object, long)'> (0x0000000084838638) 
thrown [s\open\src\hotspot\share\interpreter\linkResolver.cpp, line 766]
Event: 13.660 Thread 0x0000021d6694ee30 Exception <a 'java/lang/NoSuchMethodError'{0x000000008483f490}: 'long java.lang.invoke.Invokers$Holder.invokeExact_MT(java.lang.Object, java.lang.Object, java.lang.Object)'> (0x000000008483f490) 
thrown [s\open\src\hotspot\share\interpreter\linkResolver.cpp, line 766]
Event: 13.874 Thread 0x0000021d6694ee30 Exception <a 'java/lang/NoSuchMethodError'{0x00000000844b9d70}: 'java.lang.Object java.lang.invoke.DirectMethodHandle$Holder.invokeStaticInit(java.lang.Object, java.lang.Object, java.lang.Object)'> (0x00000000844b9d70) 
thrown [s\open\src\hotspot\share\interpreter\linkResolver.cpp, line 766]
Event: 13.875 Thread 0x0000021d6694ee30 Exception <a 'java/lang/NoSuchMethodError'{0x00000000844c0260}: 'java.lang.Object java.lang.invoke.DirectMethodHandle$Holder.invokeStatic(java.lang.Object, java.lang.Object, int, int)'> (0x00000000844c0260) 
thrown [s\open\src\hotspot\share\interpreter\linkResolver.cpp, line 766]
Event: 13.875 Thread 0x0000021d6694ee30 Exception <a 'java/lang/NoSuchMethodError'{0x00000000844c3cd8}: 'java.lang.Object java.lang.invoke.DirectMethodHandle$Holder.invokeStaticInit(java.lang.Object, java.lang.Object, int, int)'> (0x00000000844c3cd8) 
thrown [s\open\src\hotspot\share\interpreter\linkResolver.cpp, line 766]

VM Operations (20 events):
Event: 4.066 Executing VM operation: Cleanup
Event: 4.066 Executing VM operation: Cleanup done
Event: 4.074 Executing VM operation: CollectForMetadataAllocation
Event: 4.079 Executing VM operation: CollectForMetadataAllocation done
Event: 4.094 Executing VM operation: G1Concurrent
Event: 4.096 Executing VM operation: G1Concurrent done
Event: 4.101 Executing VM operation: G1Concurrent
Event: 4.101 Executing VM operation: G1Concurrent done
Event: 5.105 Executing VM operation: Cleanup
Event: 5.105 Executing VM operation: Cleanup done
Event: 7.126 Executing VM operation: Cleanup
Event: 7.126 Executing VM operation: Cleanup done
Event: 8.138 Executing VM operation: Cleanup
Event: 8.138 Executing VM operation: Cleanup done
Event: 9.153 Executing VM operation: Cleanup
Event: 9.153 Executing VM operation: Cleanup done
Event: 13.189 Executing VM operation: Cleanup
Event: 13.189 Executing VM operation: Cleanup done
Event: 13.917 Executing VM operation: HandshakeAllThreads
Event: 13.917 Executing VM operation: HandshakeAllThreads done

Events (20 events):
Event: 2.112 Thread 0x0000021d0b89f1a0 Thread added: 0x0000021d0b89f1a0
Event: 4.140 Thread 0x0000021d0b8a09b0 Thread added: 0x0000021d0b8a09b0
Event: 4.157 Thread 0x0000021d0b89fb40 Thread added: 0x0000021d0b89fb40
Event: 4.173 Thread 0x0000021d0b67a590 Thread exited: 0x0000021d0b67a590
Event: 4.859 Thread 0x0000021d0b89de60 Thread added: 0x0000021d0b89de60
Event: 4.859 Thread 0x0000021d0b8a0e80 Thread added: 0x0000021d0b8a0e80
Event: 4.859 Thread 0x0000021d0b89d4c0 Thread added: 0x0000021d0b89d4c0
Event: 4.863 Thread 0x0000021d0b89f670 Thread added: 0x0000021d0b89f670
Event: 4.863 Thread 0x0000021d0baebef0 Thread added: 0x0000021d0baebef0
Event: 6.555 Thread 0x0000021d0baeabb0 Thread added: 0x0000021d0baeabb0
Event: 6.813 Thread 0x0000021d0b8a04e0 Thread exited: 0x0000021d0b8a04e0
Event: 7.514 Thread 0x0000021d0baea6e0 Thread added: 0x0000021d0baea6e0
Event: 7.531 Thread 0x0000021d0baec3c0 Thread added: 0x0000021d0baec3c0
Event: 8.574 Thread 0x0000021d0baeef10 Thread added: 0x0000021d0baeef10
Event: 8.574 Thread 0x0000021d0baedbd0 Thread added: 0x0000021d0baedbd0
Event: 8.575 Thread 0x0000021d0baeb080 Thread added: 0x0000021d0baeb080
Event: 8.600 Thread 0x0000021d0baea210 Thread added: 0x0000021d0baea210
Event: 8.600 Thread 0x0000021d0baecd60 Thread added: 0x0000021d0baecd60
Event: 8.670 Thread 0x0000021d0bae93a0 Thread added: 0x0000021d0bae93a0
Event: 12.676 Thread 0x0000021d0baef3e0 Thread added: 0x0000021d0baef3e0


Dynamic libraries:
0x00007ff65fbb0000 - 0x00007ff65fbc0000 	C:\Program Files\Java\jdk-18.0.1.1\bin\javaw.exe
0x00007ffee0cf0000 - 0x00007ffee0ee8000 	C:\Windows\SYSTEM32\ntdll.dll
0x00007ffee0080000 - 0x00007ffee013d000 	C:\Windows\System32\KERNEL32.DLL
0x00007ffede920000 - 0x00007ffedebf3000 	C:\Windows\System32\KERNELBASE.dll
0x00007ffede6c0000 - 0x00007ffede7c0000 	C:\Windows\System32\ucrtbase.dll
0x00007ffed4120000 - 0x00007ffed4138000 	C:\Program Files\Java\jdk-18.0.1.1\bin\jli.dll
0x00007ffedffd0000 - 0x00007ffee007e000 	C:\Windows\System32\ADVAPI32.dll
0x00007ffee08e0000 - 0x00007ffee097e000 	C:\Windows\System32\msvcrt.dll
0x00007ffedfa70000 - 0x00007ffedfb0c000 	C:\Windows\System32\sechost.dll
0x00007ffee09e0000 - 0x00007ffee0b05000 	C:\Windows\System32\RPCRT4.dll
0x00007ffee0b10000 - 0x00007ffee0cae000 	C:\Windows\System32\USER32.dll
0x00007ffede8f0000 - 0x00007ffede912000 	C:\Windows\System32\win32u.dll
0x00007ffededd0000 - 0x00007ffededfc000 	C:\Windows\System32\GDI32.dll
0x00007ffedec30000 - 0x00007ffeded44000 	C:\Windows\System32\gdi32full.dll
0x00007ffede7c0000 - 0x00007ffede85d000 	C:\Windows\System32\msvcp_win.dll
0x00007ffecde00000 - 0x00007ffecde1a000 	C:\Program Files\Java\jdk-18.0.1.1\bin\VCRUNTIME140.dll
0x00007ffebdff0000 - 0x00007ffebe28a000 	C:\Windows\WinSxS\amd64_microsoft.windows.common-controls_6595b64144ccf1df_6.0.19041.1110_none_60b5254171f9507e\COMCTL32.dll
0x00007ffed8ae0000 - 0x00007ffed8aea000 	C:\Windows\SYSTEM32\VERSION.dll
0x00007ffedff90000 - 0x00007ffedffc0000 	C:\Windows\System32\IMM32.DLL
0x00007ffed9d50000 - 0x00007ffed9d5c000 	C:\Program Files\Java\jdk-18.0.1.1\bin\vcruntime140_1.dll
0x00007ffecb6d0000 - 0x00007ffecb75d000 	C:\Program Files\Java\jdk-18.0.1.1\bin\msvcp140.dll
0x00007ffe7d220000 - 0x00007ffe7de30000 	C:\Program Files\Java\jdk-18.0.1.1\bin\server\jvm.dll
0x00007ffedfe40000 - 0x00007ffedfe48000 	C:\Windows\System32\PSAPI.DLL
0x00007ffecde40000 - 0x00007ffecde49000 	C:\Windows\SYSTEM32\WSOCK32.dll
0x00007ffee01f0000 - 0x00007ffee025b000 	C:\Windows\System32\WS2_32.dll
0x00007ffecfaa0000 - 0x00007ffecfac7000 	C:\Windows\SYSTEM32\WINMM.dll
0x00007ffedc1d0000 - 0x00007ffedc1e2000 	C:\Windows\SYSTEM32\kernel.appcore.dll
0x00007ffed9f00000 - 0x00007ffed9f0a000 	C:\Program Files\Java\jdk-18.0.1.1\bin\jimage.dll
0x00007ffece080000 - 0x00007ffece264000 	C:\Windows\SYSTEM32\DBGHELP.DLL
0x00007ffece040000 - 0x00007ffece06c000 	C:\Windows\SYSTEM32\dbgcore.DLL
0x00007ffede860000 - 0x00007ffede8e2000 	C:\Windows\System32\bcryptPrimitives.dll
0x00007ffed4300000 - 0x00007ffed4325000 	C:\Program Files\Java\jdk-18.0.1.1\bin\java.dll
0x00007ffec6810000 - 0x00007ffec68e6000 	C:\Program Files\Java\jdk-18.0.1.1\bin\jsvml.dll
0x00007ffedefa0000 - 0x00007ffedf6e3000 	C:\Windows\System32\SHELL32.dll
0x00007ffedc4b0000 - 0x00007ffedcc44000 	C:\Windows\SYSTEM32\windows.storage.dll
0x00007ffedf710000 - 0x00007ffedfa64000 	C:\Windows\System32\combase.dll
0x00007ffedde50000 - 0x00007ffedde80000 	C:\Windows\SYSTEM32\Wldp.dll
0x00007ffee07a0000 - 0x00007ffee084d000 	C:\Windows\System32\SHCORE.dll
0x00007ffee0980000 - 0x00007ffee09d5000 	C:\Windows\System32\shlwapi.dll
0x00007ffede330000 - 0x00007ffede34f000 	C:\Windows\SYSTEM32\profapi.dll
0x00007ffed42e0000 - 0x00007ffed42f3000 	C:\Program Files\Java\jdk-18.0.1.1\bin\net.dll
0x00007ffed49e0000 - 0x00007ffed4aed000 	C:\Windows\SYSTEM32\WINHTTP.dll
0x00007ffeddbb0000 - 0x00007ffeddc1a000 	C:\Windows\system32\mswsock.dll
0x00007ffed42c0000 - 0x00007ffed42d6000 	C:\Program Files\Java\jdk-18.0.1.1\bin\nio.dll
0x00007ffed42a0000 - 0x00007ffed42b8000 	C:\Program Files\Java\jdk-18.0.1.1\bin\zip.dll
0x00007ffedd8a0000 - 0x00007ffedd96a000 	C:\Windows\SYSTEM32\DNSAPI.dll
0x00007ffedd850000 - 0x00007ffedd88b000 	C:\Windows\SYSTEM32\IPHLPAPI.DLL
0x00007ffedffc0000 - 0x00007ffedffc8000 	C:\Windows\System32\NSI.dll
0x00007ffed6840000 - 0x00007ffed684a000 	C:\Windows\System32\rasadhlp.dll
0x00007ffed3de0000 - 0x00007ffed3e60000 	C:\Windows\System32\fwpuclnt.dll
0x00007ffedec00000 - 0x00007ffedec27000 	C:\Windows\System32\bcrypt.dll
0x00007ffedddb0000 - 0x00007ffedddc8000 	C:\Windows\SYSTEM32\CRYPTSP.dll
0x00007ffedd460000 - 0x00007ffedd494000 	C:\Windows\system32\rsaenh.dll
0x00007ffede2b0000 - 0x00007ffede2de000 	C:\Windows\SYSTEM32\USERENV.dll
0x00007ffeddda0000 - 0x00007ffedddac000 	C:\Windows\SYSTEM32\CRYPTBASE.dll
0x00007ffed4460000 - 0x00007ffed4477000 	C:\Windows\SYSTEM32\dhcpcsvc6.DLL
0x00007ffed4480000 - 0x00007ffed449d000 	C:\Windows\SYSTEM32\dhcpcsvc.DLL
0x00007ffed9430000 - 0x00007ffed9440000 	C:\Program Files\Java\jdk-18.0.1.1\bin\verify.dll
0x00007ffed1f50000 - 0x00007ffed1f59000 	C:\Program Files\Java\jdk-18.0.1.1\bin\management.dll
0x00007ffed1f40000 - 0x00007ffed1f4b000 	C:\Program Files\Java\jdk-18.0.1.1\bin\management_ext.dll
0x00007ffed1490000 - 0x00007ffed149e000 	C:\Program Files\Java\jdk-18.0.1.1\bin\sunmscapi.dll
0x00007ffede560000 - 0x00007ffede6b6000 	C:\Windows\System32\CRYPT32.dll
0x00007ffeddec0000 - 0x00007ffeddee7000 	C:\Windows\SYSTEM32\ncrypt.dll
0x00007ffedde80000 - 0x00007ffeddebb000 	C:\Windows\SYSTEM32\NTASN1.dll

dbghelp: loaded successfully - version: 4.0.5 - missing functions: none
symbol engine: initialized successfully - sym options: 0x614 - pdb path: .;C:\Program Files\Java\jdk-18.0.1.1\bin;C:\Windows\SYSTEM32;C:\Windows\WinSxS\amd64_microsoft.windows.common-controls_6595b64144ccf1df_6.0.19041.1110_none_60b5254171f9507e;C:\Program Files\Java\jdk-18.0.1.1\bin\server

VM Arguments:
jvm_args: -ea -Dfile.encoding=UTF-8 -XX:+ShowCodeDetailsInExceptionMessages 
java_command: org.testng.remote.RemoteTestNG -serport 52126 -protocol json -d C:\Users\pjagd\eclipse-workspace\SWAGLAB\test-output C:\Users\pjagd\AppData\Local\Temp\testng-eclipse-432914771\testng-customsuite.xml
java_class_path (initial): C:\Users\pjagd\eclipse\java-2022-03\eclipse\configuration\org.eclipse.osgi\434\0\.cp\lib\testng-remote.jar;C:\Users\pjagd\eclipse-workspace\SWAGLAB\target\test-classes;C:\Users\pjagd\eclipse-workspace\SWAGLAB\target\classes;C:\Users\pjagd\.p2\pool\plugins\org.testng_7.4.0.r202105021533.jar;C:\Users\pjagd\.p2\pool\plugins\com.beust.jcommander_1.78.0.jar;C:\Users\pjagd\.p2\pool\plugins\org.apache-extras.beanshell.bsh_2.0.0.b6.jar;C:\Users\pjagd\.p2\pool\plugins\org.yaml.snakeyaml_1.21.0.jar;C:\Users\pjagd\.p2\pool\plugins\org.webjars.jquery_3.5.1.jar;C:\Users\pjagd\.m2\repository\org\seleniumhq\selenium\selenium-java\4.5.0\selenium-java-4.5.0.jar;C:\Users\pjagd\.m2\repository\org\seleniumhq\selenium\selenium-api\4.5.0\selenium-api-4.5.0.jar;C:\Users\pjagd\.m2\repository\org\seleniumhq\selenium\selenium-chrome-driver\4.5.0\selenium-chrome-driver-4.5.0.jar;C:\Users\pjagd\.m2\repository\com\google\auto\service\auto-service-annotations\1.0.1\auto-service-annotations-1.0.1.jar;C:\Users\pjagd\.m2\repository\com\google\auto\service\auto-service\1.0.1\auto-service-1.0.1.jar;C:\Users\pjagd\.m2\repository\com\google\auto\auto-common\1.2\auto-common-1.2.jar;C:\Users\pjagd\.m2\repository\com\google\guava\guava\31.1-jre\guava-31.1-jre.jar;C:\Users\pjagd\.m2\repository\com\google\guava\failureaccess\1.0.1\failureaccess-1.0.1.jar;C:\Users\pjagd\.m2\repository\com\google\guava\listenablefuture\9999.0-empty-to-avoid-conflict-with-guava\listenablefuture-9999.0-empty-to-avoid-conflict-with-guava.jar;C:\Users\pjagd\.m2\repository\org\checkerframework\checker-qual\3.12.0\checker-qual-3.12.0.jar;C:\Users\pjagd\.m2\repository\com\google\errorprone\error_prone_annotations\2.11.0\error_prone_annotations-2.11.0.jar;C:\Users\pjagd\.m2\repository\com\google\j2objc\j2objc-annotations\1.3\j2objc-annotations-1.3.jar;C:\Users\pjagd\.m2\repository\org\seleniumhq\selenium\selenium-chromium-driver\4.5.0\selenium-chromium-driver-4.5.0.jar;C:\Users\pjagd\.m2\repository\org\seleniumhq\selenium\selenium-json\4.5.0\selenium-json-4.5.0.jar;C:\Users\pjagd\.m2\repository\org\seleniumhq\selenium\selenium-devtools-v104\4.5.0\selenium-devtools-v104-4.5.0.jar;C:\Users\pjagd\.m2\repository\org\seleniumhq\selenium\selenium-devtools-v105\4.5.0\selenium-devtools-v105-4.5.0.jar;C:\Users\pjagd\.m2\repository\org\seleniumhq\selenium\selenium-devtools-v106\4.5.0\selenium-devtools-v106-4.5.0.jar;C:\Users\pjagd\.m2\repository\org\seleniumhq\selenium\selenium-devtools-v85\4.5.0\selenium-devtools-v85-4.5.0.jar;C:\Users\pjagd\.m2\repository\org\seleniumhq\selenium\selenium-edge-driver\4.5.0\selenium-edge-driver-4.5.0.jar;C:\Users\pjagd\.m2\repository\org\seleniumhq\selenium\selenium-firefox-driver\4.5.0\selenium-firefox-driver-4.5.0.jar;C:\Users\pjagd\.m2\repository\org\seleniumhq\selenium\selenium-ie-driver\4.5.0\selenium-ie-driver-4.5.0.jar;C:\Users\pjagd\.m2\repository\org\seleniumhq\selenium\selenium-remote-driver\4.5.0\selenium-remote-driver-4.5.0.jar;C:\Users\pjagd\.m2\repository\io\netty\netty-buffer\4.1.79.Final\netty-buffer-4.1.79.Final.jar;C:\Users\pjagd\.m2\repository\io\netty\netty-codec-http\4.1.79.Final\netty-codec-http-4.1.79.Final.jar;C:\Users\pjagd\.m2\repository\io\netty\netty-codec\4.1.79.Final\netty-codec-4.1.79.Final.jar;C:\Users\pjagd\.m2\repository\io\netty\netty-handler\4.1.79.Final\netty-handler-4.1.79.Final.jar;C:\Users\pjagd\.m2\repository\io\netty\netty-common\4.1.79.Final\netty-common-4.1.79.Final.jar;C:\Users\pjagd\.m2\repository\io\netty\netty-transport-classes-epoll\4.1.79.Final\netty-transport-classes-epoll-4.1.79.Final.jar;C:\Users\pjagd\.m2\repository\io\netty\netty-transport-classes-kqueue\4.1.79.Final\netty-transport-classes-kqueue-4.1.79.Final.jar;C:\Users\pjagd\.m2\repository\io\netty\netty-transport-native-epoll\4.1.79.Final\netty-transport-native-epoll-4.1.79.Final.jar;C:\Users\pjagd\.m2\repository\io\netty\netty-transport-native-kqueue\4.1.79.Final\netty-transport-native-kqueue-4.1.79.Final.jar;C:\Users\pjagd\.m2\repository\io\netty\netty-transport-native-unix-common\4.1.79.Final\netty-transport-native-unix-common-4.1.79.Final.jar;C:\Users\pjagd\.m2\repository\io\netty\netty-transport\4.1.79.Final\netty-transport-4.1.79.Final.jar;C:\Users\pjagd\.m2\repository\io\netty\netty-resolver\4.1.79.Final\netty-resolver-4.1.79.Final.jar;C:\Users\pjagd\.m2\repository\io\opentelemetry\opentelemetry-api\1.17.0\opentelemetry-api-1.17.0.jar;C:\Users\pjagd\.m2\repository\io\opentelemetry\opentelemetry-context\1.17.0\opentelemetry-context-1.17.0.jar;C:\Users\pjagd\.m2\repository\io\opentelemetry\opentelemetry-exporter-logging\1.17.0\opentelemetry-exporter-logging-1.17.0.jar;C:\Users\pjagd\.m2\repository\io\opentelemetry\opentelemetry-sdk-metrics\1.17.0\opentelemetry-sdk-metrics-1.17.0.jar;C:\Users\pjagd\.m2\repository\io\opentelemetry\opentelemetry-sdk-logs\1.17.0-alpha\opentelemetry-sdk-logs-1.17.0-alpha.jar;C:\Users\pjagd\.m2\repository\io\opentelemetry\opentelemetry-sdk-common\1.17.0\opentelemetry-sdk-common-1.17.0.jar;C:\Users\pjagd\.m2\repository\io\opentelemetry\opentelemetry-sdk-extension-autoconfigure-spi\1.17.0\opentelemetry-sdk-extension-autoconfigure-spi-1.17.0.jar;C:\Users\pjagd\.m2\repository\io\opentelemetry\opentelemetry-sdk-extension-autoconfigure\1.17.0-alpha\opentelemetry-sdk-extension-autoconfigure-1.17.0-alpha.jar;C:\Users\pjagd\.m2\repository\io\opentelemetry\opentelemetry-exporter-common\1.17.0\opentelemetry-exporter-common-1.17.0.jar;C:\Users\pjagd\.m2\repository\io\opentelemetry\opentelemetry-sdk-trace\1.17.0\opentelemetry-sdk-trace-1.17.0.jar;C:\Users\pjagd\.m2\repository\io\opentelemetry\opentelemetry-sdk\1.17.0\opentelemetry-sdk-1.17.0.jar;C:\Users\pjagd\.m2\repository\io\opentelemetry\opentelemetry-semconv\1.17.0-alpha\opentelemetry-semconv-1.17.0-alpha.jar;C:\Users\pjagd\.m2\repository\io\ous\jtoml\2.0.0\jtoml-2.0.0.jar;C:\Users\pjagd\.m2\repository\net\bytebuddy\byte-buddy\1.12.14\byte-buddy-1.12.14.jar;C:\Users\pjagd\.m2\repository\org\apache\commons\commons-exec\1.3\commons-exec-1.3.jar;C:\Users\pjagd\.m2\repository\org\asynchttpclient\async-http-client\2.12.3\async-http-client-2.12.3.jar;C:\Users\pjagd\.m2\repository\org\asynchttpclient\async-http-client-netty-utils\2.12.3\async-http-client-netty-utils-2.12.3.jar;C:\Users\pjagd\.m2\repository\io\netty\netty-codec-socks\4.1.60.Final\netty-codec-socks-4.1.60.Final.jar;C:\Users\pjagd\.m2\repository\io\netty\netty-handler-proxy\4.1.60.Final\netty-handler-proxy-4.1.60.Final.jar;C:\Users\pjagd\.m2\repository\io\netty\netty-transport-native-epoll\4.1.60.Final\netty-transport-native-epoll-4.1.60.Final-linux-x86_64.jar;C:\Users\pjagd\.m2\repository\io\netty\netty-transport-native-kqueue\4.1.60.Final\netty-transport-native-kqueue-4.1.60.Final-osx-x86_64.jar;C:\Users\pjagd\.m2\repository\org\reactivestreams\reactive-streams\1.0.3\reactive-streams-1.0.3.jar;C:\Users\pjagd\.m2\repository\com\typesafe\netty\netty-reactive-streams\2.0.4\netty-reactive-streams-2.0.4.jar;C:\Users\pjagd\.m2\repository\com\sun\activation\jakarta.activation\1.2.2\jakarta.activation-1.2.2.jar;C:\Users\pjagd\.m2\repository\org\seleniumhq\selenium\selenium-http\4.5.0\selenium-http-4.5.0.jar;C:\Users\pjagd\.m2\repository\dev\failsafe\failsafe\3.2.4\failsafe-3.2.4.jar;C:\Users\pjagd\.m2\repository\org\seleniumhq\selenium\selenium-safari-driver\4.5.0\selenium-safari-driver-4.5.0.jar;C:\Users\pjagd\.m2\repository\org\seleniumhq\selenium\selenium-support\4.5.0\selenium-support-4.5.0.jar;C:\Users\pjagd\.m2\repository\org\testng\testng\7.6.1\testng-7.6.1.jar;C:\Users\pjagd\.m2\repository\com\google\code\findbugs\jsr305\3.0.2\jsr305-3.0.2.jar;C:\Users\pjagd\.m2\repository\org\slf4j\slf4j-api\1.7.36\slf4j-api-1.7.36.jar;C:\Users\pjagd\.m2\repository\com\beust\jcommander\1.82\jcommander-1.82.jar;C:\Users\pjagd\.m2\repository\org\webjars\jquery\3.6.0\jquery-3.6.0.jar;C:\Users\pjagd\.m2\repository\org\apache\poi\poi-ooxml\5.2.3\poi-ooxml-5.2.3.jar;C:\Users\pjagd\.m2\repository\org\apache\poi\poi\5.2.3\poi-5.2.3.jar;C:\Users\pjagd\.m2\repository\commons-codec\commons-codec\1.15\commons-codec-1.15.jar;C:\Users\pjagd\.m2\repository\org\apache\commons\commons-math3\3.6.1\commons-math3-3.6.1.jar;C:\Users\pjagd\.m2\repository\com\zaxxer\SparseBitSet\1.2\SparseBitSet-1.2.jar;C:\Users\pjagd\.m2\repository\org\apache\poi\poi-ooxml-lite\5.2.3\poi-ooxml-lite-5.2.3.jar;C:\Users\pjagd\.m2\repository\org\apache\xmlbeans\xmlbeans\5.1.1\xmlbeans-5.1.1.jar;C:\Users\pjagd\.m2\repository\org\apache\commons\commons-compress\1.21\commons-compress-1.21.jar;C:\Users\pjagd\.m2\repository\commons-io\commons-io\2.11.0\commons-io-2.11.0.jar;C:\Users\pjagd\.m2\repository\com\github\virtuald\curvesapi\1.07\curvesapi-1.07.jar;C:\Users\pjagd\.m2\repository\org\apache\logging\log4j\log4j-api\2.18.0\log4j-api-2.18.0.jar;C:\Users\pjagd\.m2\repository\org\apache\commons\commons-collections4\4.4\commons-collections4-4.4.jar
Launcher Type: SUN_STANDARD

[Global flags]
     intx CICompilerCount                          = 3                                         {product} {ergonomic}
     uint ConcGCThreads                            = 1                                         {product} {ergonomic}
     uint G1ConcRefinementThreads                  = 4                                         {product} {ergonomic}
   size_t G1HeapRegionSize                         = 1048576                                   {product} {ergonomic}
    uintx GCDrainStackTargetSize                   = 64                                        {product} {ergonomic}
   size_t InitialHeapSize                          = 134217728                                 {product} {ergonomic}
   size_t MarkStackSize                            = 4194304                                   {product} {ergonomic}
   size_t MaxHeapSize                              = 2116026368                                {product} {ergonomic}
   size_t MaxNewSize                               = 1268776960                                {product} {ergonomic}
   size_t MinHeapDeltaBytes                        = 1048576                                   {product} {ergonomic}
   size_t MinHeapSize                              = 8388608                                   {product} {ergonomic}
    uintx NonNMethodCodeHeapSize                   = 5832780                                {pd product} {ergonomic}
    uintx NonProfiledCodeHeapSize                  = 122912730                              {pd product} {ergonomic}
    uintx ProfiledCodeHeapSize                     = 122912730                              {pd product} {ergonomic}
    uintx ReservedCodeCacheSize                    = 251658240                              {pd product} {ergonomic}
     bool SegmentedCodeCache                       = true                                      {product} {ergonomic}
     bool ShowCodeDetailsInExceptionMessages       = true                                   {manageable} {command line}
   size_t SoftMaxHeapSize                          = 2116026368                             {manageable} {ergonomic}
     bool UseCompressedClassPointers               = true                           {product lp64_product} {ergonomic}
     bool UseCompressedOops                        = true                           {product lp64_product} {ergonomic}
     bool UseG1GC                                  = true                                      {product} {ergonomic}
     bool UseLargePagesIndividualAllocation        = false                                  {pd product} {ergonomic}

Logging:
Log output configuration:
 #0: stdout all=warning uptime,level,tags foldmultilines=false
 #1: stderr all=off uptime,level,tags foldmultilines=false

Environment Variables:
PATH=C:/Program Files/Java/jdk-18.0.1.1/bin/server;C:/Program Files/Java/jdk-18.0.1.1/bin;C:\oraclexe\app\oracle\product\11.2.0\server\bin;;C:\Program Files\Java\jdk-18.0.1.1\bin;C:\Program Files\NVIDIA Corporation\NVIDIA NvDLISR;C:\Program Files\Java\jdk-18.0.1.1\bin;C:\Users\pjagd\Desktop;
USERNAME=Pratik
OS=Windows_NT
PROCESSOR_IDENTIFIER=Intel64 Family 6 Model 142 Stepping 9, GenuineIntel



---------------  S Y S T E M  ---------------

OS:
 Windows 10 , 64 bit Build 19041 (10.0.19041.1889)
OS uptime: 0 days 2:14 hours

CPU: total 4 (initial active 4) (2 cores per cpu, 2 threads per core) family 6 model 142 stepping 9 microcode 0xd6, cx8, cmov, fxsr, ht, mmx, 3dnowpref, sse, sse2, sse3, ssse3, sse4.1, sse4.2, popcnt, lzcnt, tsc, tscinvbit, avx, avx2, aes, erms, clmul, bmi1, bmi2, adx, fma, vzeroupper, clflush, clflushopt

Memory: 4k page, system-wide physical 8066M (1442M free)
TotalPageFile size 8066M (AvailPageFile size 8M)
current process WorkingSet (physical memory assigned to process): 173M, peak: 173M
current process commit charge ("private bytes"): 221M, peak: 250M

vm_info: Java HotSpot(TM) 64-Bit Server VM (18.0.1.1+2-6) for windows-amd64 JRE (18.0.1.1+2-6), built on Apr 25 2022 21:53:15 by "mach5one" with MS VC++ 16.8 / 16.9 (VS2019)

END.
